mode: atomic
simpledatabase/cmd/server/main.go:13.13,18.20 4 0
simpledatabase/cmd/server/main.go:18.20,20.3 1 0
simpledatabase/cmd/server/main.go:21.2,22.16 2 0
simpledatabase/cmd/server/main.go:22.16,24.3 1 0
simpledatabase/cmd/server/main.go:25.2,25.12 1 0
simpledatabase/cmd/server/main.go:25.12,28.20 3 0
simpledatabase/cmd/server/main.go:28.20,30.4 1 0
simpledatabase/cmd/server/main.go:32.2,32.14 1 0
simpledatabase/pkg/pumbkin/concurrency/semaphore.go:7.37,9.2 1 0
simpledatabase/pkg/pumbkin/concurrency/semaphore.go:11.31,13.2 1 0
simpledatabase/pkg/pumbkin/concurrency/semaphore.go:15.31,17.2 1 0
simpledatabase/pkg/pumbkin/initialization/app.go:14.53,16.16 2 0
simpledatabase/pkg/pumbkin/initialization/app.go:16.16,18.3 1 0
simpledatabase/pkg/pumbkin/initialization/app.go:19.2,20.16 2 0
simpledatabase/pkg/pumbkin/initialization/app.go:20.16,22.3 1 0
simpledatabase/pkg/pumbkin/initialization/app.go:23.2,25.8 1 0
simpledatabase/pkg/pumbkin/initialization/app.go:28.50,30.2 1 0
simpledatabase/pkg/pumbkin/initialization/app.go:32.30,34.2 1 0
simpledatabase/pkg/pumbkin/initialization/logger.go:30.61,34.16 3 0
simpledatabase/pkg/pumbkin/initialization/logger.go:34.16,35.22 1 0
simpledatabase/pkg/pumbkin/initialization/logger.go:35.22,37.64 2 0
simpledatabase/pkg/pumbkin/initialization/logger.go:37.64,39.5 1 0
simpledatabase/pkg/pumbkin/initialization/logger.go:41.3,41.23 1 0
simpledatabase/pkg/pumbkin/initialization/logger.go:41.23,43.4 1 0
simpledatabase/pkg/pumbkin/initialization/logger.go:45.2,50.26 2 0
simpledatabase/pkg/pumbkin/initialization/server.go:12.91,21.2 1 0
simpledatabase/pkg/pumbkin/handler/handler.go:28.12,33.2 1 0
simpledatabase/pkg/pumbkin/handler/handler.go:35.79,37.18 2 0
simpledatabase/pkg/pumbkin/handler/handler.go:37.18,39.3 1 0
simpledatabase/pkg/pumbkin/handler/handler.go:40.2,40.18 1 0
simpledatabase/pkg/pumbkin/handler/handler.go:41.17,43.37 2 0
simpledatabase/pkg/pumbkin/handler/handler.go:44.17,46.18 2 0
simpledatabase/pkg/pumbkin/handler/handler.go:47.17,49.21 2 0
simpledatabase/pkg/pumbkin/handler/handler.go:50.10,51.57 1 0
simpledatabase/pkg/pumbkin/config/config.go:36.46,46.45 8 0
simpledatabase/pkg/pumbkin/config/config.go:46.45,48.3 1 0
simpledatabase/pkg/pumbkin/config/config.go:49.2,50.49 2 0
simpledatabase/pkg/pumbkin/config/config.go:50.49,52.3 1 0
simpledatabase/pkg/pumbkin/config/config.go:53.2,54.16 2 0
simpledatabase/pkg/pumbkin/config/config.go:54.16,56.3 1 0
simpledatabase/pkg/pumbkin/config/config.go:57.2,59.16 3 0
simpledatabase/pkg/pumbkin/config/config.go:59.16,61.3 1 0
simpledatabase/pkg/pumbkin/config/config.go:62.2,63.21 2 0
simpledatabase/pkg/pumbkin/config/config.go:66.66,67.20 1 0
simpledatabase/pkg/pumbkin/config/config.go:67.20,69.3 1 0
simpledatabase/pkg/pumbkin/config/config.go:70.2,70.37 1 0
simpledatabase/pkg/pumbkin/config/config.go:73.54,75.22 2 0
simpledatabase/pkg/pumbkin/config/config.go:75.22,77.3 1 0
simpledatabase/pkg/pumbkin/config/config.go:78.2,86.38 2 0
simpledatabase/pkg/pumbkin/config/config.go:86.38,87.42 1 0
simpledatabase/pkg/pumbkin/config/config.go:87.42,92.18 4 0
simpledatabase/pkg/pumbkin/config/config.go:92.18,94.5 1 0
simpledatabase/pkg/pumbkin/config/config.go:95.4,95.15 1 0
simpledatabase/pkg/pumbkin/config/config.go:95.15,97.5 1 0
simpledatabase/pkg/pumbkin/config/config.go:98.4,98.37 1 0
simpledatabase/pkg/pumbkin/config/config.go:101.2,102.16 2 0
simpledatabase/pkg/pumbkin/config/config.go:102.16,103.14 1 0
simpledatabase/pkg/pumbkin/config/config.go:103.14,105.4 1 0
simpledatabase/pkg/pumbkin/config/config.go:106.3,106.23 1 0
simpledatabase/pkg/pumbkin/config/config.go:108.2,108.61 1 0
simpledatabase/pkg/pumbkin/dto/query.go:16.51,18.2 1 0
simpledatabase/pkg/pumbkin/network/tcp.go:31.14,32.25 1 0
simpledatabase/pkg/pumbkin/network/tcp.go:32.25,34.3 1 0
simpledatabase/pkg/pumbkin/network/tcp.go:35.2,35.25 1 0
simpledatabase/pkg/pumbkin/network/tcp.go:35.25,37.3 1 0
simpledatabase/pkg/pumbkin/network/tcp.go:38.2,45.3 1 0
simpledatabase/pkg/pumbkin/network/tcp.go:48.54,51.16 3 0
simpledatabase/pkg/pumbkin/network/tcp.go:51.16,53.3 1 0
simpledatabase/pkg/pumbkin/network/tcp.go:54.2,54.15 1 0
simpledatabase/pkg/pumbkin/network/tcp.go:54.15,54.39 1 0
simpledatabase/pkg/pumbkin/network/tcp.go:55.2,57.6 2 0
simpledatabase/pkg/pumbkin/network/tcp.go:57.6,59.19 2 0
simpledatabase/pkg/pumbkin/network/tcp.go:59.19,61.12 2 0
simpledatabase/pkg/pumbkin/network/tcp.go:63.3,64.23 2 0
simpledatabase/pkg/pumbkin/network/tcp.go:64.23,67.4 2 0
simpledatabase/pkg/pumbkin/network/tcp.go:71.64,72.15 1 0
simpledatabase/pkg/pumbkin/network/tcp.go:72.15,73.31 1 0
simpledatabase/pkg/pumbkin/network/tcp.go:73.31,75.4 1 0
simpledatabase/pkg/pumbkin/network/tcp.go:77.2,77.15 1 0
simpledatabase/pkg/pumbkin/network/tcp.go:77.15,77.35 1 0
simpledatabase/pkg/pumbkin/network/tcp.go:79.2,80.24 2 0
simpledatabase/pkg/pumbkin/network/tcp.go:80.24,82.19 2 0
simpledatabase/pkg/pumbkin/network/tcp.go:82.19,85.4 2 0
simpledatabase/pkg/pumbkin/network/tcp.go:87.2,87.24 1 0
simpledatabase/pkg/pumbkin/network/tcp.go:87.24,89.19 2 0
simpledatabase/pkg/pumbkin/network/tcp.go:89.19,92.4 2 0
simpledatabase/pkg/pumbkin/network/tcp.go:94.2,94.6 1 0
simpledatabase/pkg/pumbkin/network/tcp.go:94.6,96.22 2 0
simpledatabase/pkg/pumbkin/network/tcp.go:96.22,98.4 1 0
simpledatabase/pkg/pumbkin/network/tcp.go:98.9,98.26 1 0
simpledatabase/pkg/pumbkin/network/tcp.go:98.26,101.4 2 0
simpledatabase/pkg/pumbkin/network/tcp.go:102.3,102.25 1 0
simpledatabase/pkg/pumbkin/network/tcp.go:102.25,105.4 2 0
simpledatabase/pkg/pumbkin/network/tcp.go:106.3,107.21 2 0
simpledatabase/pkg/pumbkin/network/tcp.go:107.21,110.4 2 0
simpledatabase/pkg/pumbkin/network/tcp.go:111.3,112.19 2 0
simpledatabase/pkg/pumbkin/network/tcp.go:112.19,115.4 2 0
simpledatabase/pkg/pumbkin/network/tcp.go:119.34,121.2 1 0
simpledatabase/pkg/pumbkin/compute/parser.go:13.26,15.2 1 0
simpledatabase/pkg/pumbkin/compute/parser.go:17.59,19.25 2 14
simpledatabase/pkg/pumbkin/compute/parser.go:19.25,21.3 1 4
simpledatabase/pkg/pumbkin/compute/parser.go:22.2,24.12 3 10
simpledatabase/pkg/pumbkin/compute/parser.go:25.17,26.23 1 3
simpledatabase/pkg/pumbkin/compute/parser.go:26.23,28.4 1 1
simpledatabase/pkg/pumbkin/compute/parser.go:29.17,30.23 1 3
simpledatabase/pkg/pumbkin/compute/parser.go:30.23,32.4 1 1
simpledatabase/pkg/pumbkin/compute/parser.go:33.17,34.23 1 3
simpledatabase/pkg/pumbkin/compute/parser.go:34.23,36.4 1 1
simpledatabase/pkg/pumbkin/compute/parser.go:37.10,38.52 1 1
simpledatabase/pkg/pumbkin/compute/parser.go:40.2,40.38 1 6
simpledatabase/pkg/pumbkin/dto/query.go:16.51,18.2 1 6
simpledatabase/pkg/pumbkin/storage/engine.go:13.42,15.2 1 3
simpledatabase/pkg/pumbkin/storage/engine.go:17.79,23.2 4 4
simpledatabase/pkg/pumbkin/storage/engine.go:25.76,31.2 4 3
simpledatabase/pkg/pumbkin/storage/engine.go:33.80,38.9 4 2
simpledatabase/pkg/pumbkin/storage/engine.go:38.9,40.3 1 1
simpledatabase/pkg/pumbkin/storage/engine.go:41.2,42.18 2 1
simpledatabase/pkg/pumbkin/concurrency/semaphore.go:7.37,9.2 1 2
simpledatabase/pkg/pumbkin/concurrency/semaphore.go:11.31,13.2 1 5
simpledatabase/pkg/pumbkin/concurrency/semaphore.go:15.31,17.2 1 4
simpledatabase/pkg/pumbkin/dto/query.go:16.51,18.2 1 5
simpledatabase/pkg/pumbkin/handler/handler.go:28.12,33.2 1 2
simpledatabase/pkg/pumbkin/handler/handler.go:35.79,37.18 2 5
simpledatabase/pkg/pumbkin/handler/handler.go:37.18,39.3 1 0
simpledatabase/pkg/pumbkin/handler/handler.go:40.2,40.18 1 5
simpledatabase/pkg/pumbkin/handler/handler.go:41.17,43.37 2 0
simpledatabase/pkg/pumbkin/handler/handler.go:44.17,46.18 2 4
simpledatabase/pkg/pumbkin/handler/handler.go:47.17,49.21 2 1
simpledatabase/pkg/pumbkin/handler/handler.go:50.10,51.57 1 0
simpledatabase/pkg/pumbkin/network/tcp.go:31.14,32.25 1 2
simpledatabase/pkg/pumbkin/network/tcp.go:32.25,34.3 1 1
simpledatabase/pkg/pumbkin/network/tcp.go:35.2,35.25 1 2
simpledatabase/pkg/pumbkin/network/tcp.go:35.25,37.3 1 2
simpledatabase/pkg/pumbkin/network/tcp.go:38.2,45.3 1 2
simpledatabase/pkg/pumbkin/network/tcp.go:48.54,51.16 3 2
simpledatabase/pkg/pumbkin/network/tcp.go:51.16,53.3 1 0
simpledatabase/pkg/pumbkin/network/tcp.go:54.2,54.15 1 2
simpledatabase/pkg/pumbkin/network/tcp.go:54.15,54.39 1 0
simpledatabase/pkg/pumbkin/network/tcp.go:55.2,57.6 2 2
simpledatabase/pkg/pumbkin/network/tcp.go:57.6,59.19 2 4205143
simpledatabase/pkg/pumbkin/network/tcp.go:59.19,61.12 2 4205139
simpledatabase/pkg/pumbkin/network/tcp.go:63.3,64.23 2 5
simpledatabase/pkg/pumbkin/network/tcp.go:64.23,67.4 2 5
simpledatabase/pkg/pumbkin/network/tcp.go:71.64,72.15 1 5
simpledatabase/pkg/pumbkin/network/tcp.go:72.15,73.31 1 4
simpledatabase/pkg/pumbkin/network/tcp.go:73.31,75.4 1 0
simpledatabase/pkg/pumbkin/network/tcp.go:77.2,77.15 1 5
simpledatabase/pkg/pumbkin/network/tcp.go:77.15,77.35 1 4
simpledatabase/pkg/pumbkin/network/tcp.go:79.2,80.24 2 5
simpledatabase/pkg/pumbkin/network/tcp.go:80.24,82.19 2 4
simpledatabase/pkg/pumbkin/network/tcp.go:82.19,85.4 2 0
simpledatabase/pkg/pumbkin/network/tcp.go:87.2,87.24 1 5
simpledatabase/pkg/pumbkin/network/tcp.go:87.24,89.19 2 4
simpledatabase/pkg/pumbkin/network/tcp.go:89.19,92.4 2 0
simpledatabase/pkg/pumbkin/network/tcp.go:94.2,94.6 1 5
simpledatabase/pkg/pumbkin/network/tcp.go:94.6,96.22 2 10
simpledatabase/pkg/pumbkin/network/tcp.go:96.22,98.4 1 3
simpledatabase/pkg/pumbkin/network/tcp.go:98.9,98.26 1 6
simpledatabase/pkg/pumbkin/network/tcp.go:98.26,101.4 2 1
simpledatabase/pkg/pumbkin/network/tcp.go:102.3,102.25 1 5
simpledatabase/pkg/pumbkin/network/tcp.go:102.25,105.4 2 0
simpledatabase/pkg/pumbkin/network/tcp.go:106.3,107.21 2 5
simpledatabase/pkg/pumbkin/network/tcp.go:107.21,110.4 2 0
simpledatabase/pkg/pumbkin/network/tcp.go:111.3,112.19 2 5
simpledatabase/pkg/pumbkin/network/tcp.go:112.19,115.4 2 0
simpledatabase/pkg/pumbkin/network/tcp.go:119.34,121.2 1 2
